0 info it worked if it ends with ok
1 verbose cli [ '/Users/takahashitakuto/.nodebrew/node/v7.4.0/bin/node',
1 verbose cli   '/Users/takahashitakuto/.nodebrew/current/bin/npm',
1 verbose cli   'start' ]
2 info using npm@4.0.5
3 info using node@v7.4.0
4 verbose run-script [ 'prestart', 'start', 'poststart' ]
5 info lifecycle todolist@0.0.0~prestart: todolist@0.0.0
6 silly lifecycle todolist@0.0.0~prestart: no script for prestart, continuing
7 info lifecycle todolist@0.0.0~start: todolist@0.0.0
8 verbose lifecycle todolist@0.0.0~start: unsafe-perm in lifecycle true
9 verbose lifecycle todolist@0.0.0~start: PATH: /Users/takahashitakuto/.nodebrew/node/v7.4.0/lib/node_modules/npm/bin/node-gyp-bin:/Users/takahashitakuto/Documents/就活/teamLab/ToDoList/node_modules/.bin:/Users/takahashitakuto/.nodebrew/current/bin:/Users/takahashitakuto/.rbenv/shims:/Users/takahashitakuto/.pyenv/shims:/Users/takahashitakuto/.pyenv/bin:/Applications/gnuplot.app:/Applications/gnuplot.app/Contents/Resources/bin:/Library/Java/JavaVirtualMachines/jdk1.8.0_102.jdk/Contents/Home/bin:/Applications/apache-ant-1.9.4/bin:/usr/local/bin:/usr/bin:/bin:/usr/sbin:/sbin:/opt/X11/bin:/Library/Frameworks/Mono.framework/Versions/Current/Commands:/Library/TeX/texbin:/Applications/Wireshark.app/Contents/MacOS:/Applications/android-sdk-macosx/platform-tools:/Applications/android-sdk-macosx/tools:/Users/takahashitakuto/Documents/programming/command:/Users/takahashitakuto/Documents/programming/command/camera_intercom
10 verbose lifecycle todolist@0.0.0~start: CWD: /Users/takahashitakuto/Documents/就活/teamLab/ToDoList
11 silly lifecycle todolist@0.0.0~start: Args: [ '-c', 'node ./bin/www' ]
12 silly lifecycle todolist@0.0.0~start: Returned: code: 1  signal: null
13 info lifecycle todolist@0.0.0~start: Failed to exec start script
14 verbose stack Error: todolist@0.0.0 start: `node ./bin/www`
14 verbose stack Exit status 1
14 verbose stack     at EventEmitter.<anonymous> (/Users/takahashitakuto/.nodebrew/node/v7.4.0/lib/node_modules/npm/lib/utils/lifecycle.js:279:16)
14 verbose stack     at emitTwo (events.js:106:13)
14 verbose stack     at EventEmitter.emit (events.js:191:7)
14 verbose stack     at ChildProcess.<anonymous> (/Users/takahashitakuto/.nodebrew/node/v7.4.0/lib/node_modules/npm/lib/utils/spawn.js:40:14)
14 verbose stack     at emitTwo (events.js:106:13)
14 verbose stack     at ChildProcess.emit (events.js:191:7)
14 verbose stack     at maybeClose (internal/child_process.js:885:16)
14 verbose stack     at Process.ChildProcess._handle.onexit (internal/child_process.js:226:5)
15 verbose pkgid todolist@0.0.0
16 verbose cwd /Users/takahashitakuto/Documents/就活/teamLab/ToDoList
17 error Darwin 15.6.0
18 error argv "/Users/takahashitakuto/.nodebrew/node/v7.4.0/bin/node" "/Users/takahashitakuto/.nodebrew/current/bin/npm" "start"
19 error node v7.4.0
20 error npm  v4.0.5
21 error code ELIFECYCLE
22 error todolist@0.0.0 start: `node ./bin/www`
22 error Exit status 1
23 error Failed at the todolist@0.0.0 start script 'node ./bin/www'.
23 error Make sure you have the latest version of node.js and npm installed.
23 error If you do, this is most likely a problem with the todolist package,
23 error not with npm itself.
23 error Tell the author that this fails on your system:
23 error     node ./bin/www
23 error You can get information on how to open an issue for this project with:
23 error     npm bugs todolist
23 error Or if that isn't available, you can get their info via:
23 error     npm owner ls todolist
23 error There is likely additional logging output above.
24 verbose exit [ 1, true ]
